<?xml version="1.0" encoding="utf-8"?><testsuites name="pytest tests"><testsuite name="pytest" errors="0" failures="0" skipped="0" tests="5" time="4.586" timestamp="2026-08-12T11:32:49.814338+00:00" hostname="agent-env-17b6f989-bfac-4987-b889-41aa5c114f25"><testcase classname="tests.test_new_features.TestOCR" name="test_extract_amount_and_date_from_png" time="3.164" /><testcase classname="tests.test_new_features.TestReminders" name="test_active_business_no_reminder" time="2.302" /><testcase classname="tests.test_new_features.TestReminders" name="test_inactive_business_reminder_and_idempotent" time="0.876" /><testcase classname="tests.test_new_features.TestOCR" name="test_extract_pdf_rejected" time="0.439" /><testcase classname="tests.test_new_features.TestOCR" name="test_extract_tenant_isolation" time="0.383" /></testsuite></testsuites>