<?xml version="1.0" encoding="utf-8"?><testsuites name="pytest tests"><testsuite name="pytest" errors="0" failures="1" skipped="0" tests="31" time="8.160" timestamp="2026-08-12T10:42:54.450606+00:00" hostname="agent-env-17b6f989-bfac-4987-b889-41aa5c114f25"><testcase classname="tests.backend_test.TestAuth" name="test_health" time="0.335" /><testcase classname="tests.backend_test.TestReports" name="test_reports_math" time="0.815" /><testcase classname="tests.backend_test.TestAuth" name="test_admin_login" time="0.576" /><testcase classname="tests.backend_test.TestReports" name="test_insights" time="0.171" /><testcase classname="tests.backend_test.TestReports" name="test_exports[csv-transactions]" time="0.276" /><testcase classname="tests.backend_test.TestAuth" name="test_msme_login" time="0.437" /><testcase classname="tests.backend_test.TestReports" name="test_exports[csv-pnl]" time="0.150" /><testcase classname="tests.backend_test.TestAuth" name="test_invalid_login" time="0.335" /><testcase classname="tests.backend_test.TestReports" name="test_exports[csv-cashflow]" time="0.282" /><testcase classname="tests.backend_test.TestAuth" name="test_no_token_401" time="0.138" /><testcase classname="tests.backend_test.TestReports" name="test_exports[csv-income]" time="0.135" /><testcase classname="tests.backend_test.TestAuth" name="test_forgot_reset_password" time="1.697" /><testcase classname="tests.backend_test.TestReports" name="test_exports[csv-expense]" time="0.319" /><testcase classname="tests.backend_test.TestReports" name="test_exports[pdf-transactions]" time="0.099" /><testcase classname="tests.backend_test.TestReports" name="test_exports[pdf-pnl]" time="0.143" /><testcase classname="tests.backend_test.TestReports" name="test_exports[pdf-cashflow]" time="0.264" /><testcase classname="tests.backend_test.TestReports" name="test_exports[pdf-income]" time="0.317" /><testcase classname="tests.backend_test.TestReports" name="test_exports[pdf-expense]" time="0.546" /><testcase classname="tests.backend_test.TestTransactionFlow" name="test_validation" time="0.422" /><testcase classname="tests.backend_test.TestDashboards" name="test_admin_dashboard" time="0.422" /><testcase classname="tests.backend_test.TestTransactionFlow" name="test_pending_excluded_then_approved_included" time="0.875" /><testcase classname="tests.backend_test.TestDashboards" name="test_admin_list_businesses" time="0.132" /><testcase classname="tests.backend_test.TestDashboards" name="test_msme_dashboard" time="0.163" /><testcase classname="tests.backend_test.TestIsolation" name="test_msme_cannot_read_other_business" time="0.636"><failure message="AssertionError: assert 200 == 403&#10; +  where 200 = &lt;Response [200]&gt;.status_code&#10; +    where &lt;Response [200]&gt; = &lt;function get at 0xfac287203740&gt;('https://keuangan-mudah-2.preview.emergentagent.com/api/transactions?business_id=4a8dc3eb-2ba3-4828-ba7a-724781991d16', headers={'Authorization': 'Bearer eyJhbGciOiJIUzI1NiIsInR5cCI6IkpXVCJ9.eyJzdWIiOiI5ZmJhNzY2NS0yNDdkLTQzZDQtYWZmMS02YWIxMGY1ZDlhNWMiLCJlbWFpbCI6InRva28ubWFqdUBkZW1vLmlkIiwiZXhwIjoxNzg3MTM2MTc1LCJ0eXBlIjoiYWNjZXNzIn0.i59B3TnhY7QFDN_Nlp_vQDaKMs2WVp6IsZSNl9ZGiU8'})&#10; +      where &lt;function get at 0xfac287203740&gt; = requests.get&#10; +      and   {'Authorization': 'Bearer eyJhbGciOiJIUzI1NiIsInR5cCI6IkpXVCJ9.eyJzdWIiOiI5ZmJhNzY2NS0yNDdkLTQzZDQtYWZmMS02YWIxMGY1ZDlhNWMiLCJlbWFpbCI6InRva28ubWFqdUBkZW1vLmlkIiwiZXhwIjoxNzg3MTM2MTc1LCJ0eXBlIjoiYWNjZXNzIn0.i59B3TnhY7QFDN_Nlp_vQDaKMs2WVp6IsZSNl9ZGiU8'} = _h('eyJhbGciOiJIUzI1NiIsInR5cCI6IkpXVCJ9.eyJzdWIiOiI5ZmJhNzY2NS0yNDdkLTQzZDQtYWZmMS02YWIxMGY1ZDlhNWMiLCJlbWFpbCI6InRva28ubWFqdUBkZW1vLmlkIiwiZXhwIjoxNzg3MTM2MTc1LCJ0eXBlIjoiYWNjZXNzIn0.i59B3TnhY7QFDN_Nlp_vQDaKMs2WVp6IsZSNl9ZGiU8')">backend/tests/backend_test.py:111: in test_msme_cannot_read_other_business
    assert requests.get(f"{API}/transactions?business_id={msme2_biz}", headers=_h(msme1_tok)).status_code == 403
E   AssertionError: assert 200 == 403
E    +  where 200 = &lt;Response [200]&gt;.status_code
E    +    where &lt;Response [200]&gt; = &lt;function get at 0xfac287203740&gt;('https://keuangan-mudah-2.preview.emergentagent.com/api/transactions?business_id=4a8dc3eb-2ba3-4828-ba7a-724781991d16', headers={'Authorization': 'Bearer eyJhbGciOiJIUzI1NiIsInR5cCI6IkpXVCJ9.eyJzdWIiOiI5ZmJhNzY2NS0yNDdkLTQzZDQtYWZmMS02YWIxMGY1ZDlhNWMiLCJlbWFpbCI6InRva28ubWFqdUBkZW1vLmlkIiwiZXhwIjoxNzg3MTM2MTc1LCJ0eXBlIjoiYWNjZXNzIn0.i59B3TnhY7QFDN_Nlp_vQDaKMs2WVp6IsZSNl9ZGiU8'})
E    +      where &lt;function get at 0xfac287203740&gt; = requests.get
E    +      and   {'Authorization': 'Bearer eyJhbGciOiJIUzI1NiIsInR5cCI6IkpXVCJ9.eyJzdWIiOiI5ZmJhNzY2NS0yNDdkLTQzZDQtYWZmMS02YWIxMGY1ZDlhNWMiLCJlbWFpbCI6InRva28ubWFqdUBkZW1vLmlkIiwiZXhwIjoxNzg3MTM2MTc1LCJ0eXBlIjoiYWNjZXNzIn0.i59B3TnhY7QFDN_Nlp_vQDaKMs2WVp6IsZSNl9ZGiU8'} = _h('eyJhbGciOiJIUzI1NiIsInR5cCI6IkpXVCJ9.eyJzdWIiOiI5ZmJhNzY2NS0yNDdkLTQzZDQtYWZmMS02YWIxMGY1ZDlhNWMiLCJlbWFpbCI6InRva28ubWFqdUBkZW1vLmlkIiwiZXhwIjoxNzg3MTM2MTc1LCJ0eXBlIjoiYWNjZXNzIn0.i59B3TnhY7QFDN_Nlp_vQDaKMs2WVp6IsZSNl9ZGiU8')</failure></testcase><testcase classname="tests.backend_test.TestIsolation" name="test_msme_forbidden_admin_endpoints" time="0.298" /><testcase classname="tests.backend_test.TestTransactionFlow" name="test_admin_edit_and_needs_correction" time="0.846" /><testcase classname="tests.backend_test.TestAdminUmkm" name="test_create_business_and_login" time="1.091" /><testcase classname="tests.backend_test.TestTransactionFlow" name="test_filters_and_sort" time="0.268" /><testcase classname="tests.backend_test.TestTransactionFlow" name="test_soft_delete" time="0.307" /><testcase classname="tests.backend_test.TestAdminUmkm" name="test_category_crud" time="0.214" /><testcase classname="tests.backend_test.TestReceipts" name="test_upload_and_download" time="1.027" /></testsuite></testsuites>