<?xml version="1.0" encoding="utf-8"?><testsuites name="pytest tests"><testsuite name="pytest" errors="0" failures="0" skipped="0" tests="9" time="2.846" timestamp="2026-08-13T11:55:23.633297+00:00" hostname="agent-env-17b6f989-bfac-4987-b889-41aa5c114f25"><testcase classname="tests.test_quickmode_cockpit.TestQuickMode" name="test_create_transaction_empty_category_defaults" time="1.726" /><testcase classname="tests.test_quickmode_cockpit.TestSuggest" name="test_suggest_too_short_returns_null" time="1.724" /><testcase classname="tests.test_quickmode_cockpit.TestSuggest" name="test_suggest_matching_history" time="0.133" /><testcase classname="tests.test_quickmode_cockpit.TestQuickMode" name="test_full_mode_create_still_works" time="0.168" /><testcase classname="tests.test_quickmode_cockpit.TestSuggest" name="test_suggest_no_match_null" time="0.110" /><testcase classname="tests.test_quickmode_cockpit.TestReviewWithCategory" name="test_review_approve_with_new_category" time="0.380" /><testcase classname="tests.test_quickmode_cockpit.TestSuggest" name="test_suggest_tenant_isolation" time="0.118" /><testcase classname="tests.test_quickmode_cockpit.TestRegression" name="test_msme_cannot_access_other_business_transactions" time="0.131" /><testcase classname="tests.test_quickmode_cockpit.TestReviewWithCategory" name="test_review_approve_without_category_keeps_original" time="0.244" /></testsuite></testsuites>